14-Feb-2013 21:50:37 - INFO    :: MainThread : Starting LLDL on port: 8090
14-Feb-2013 21:52:38 - INFO    :: MainThread : Starting LLDL on port: 8090
14-Feb-2013 21:55:49 - INFO    :: MainThread : Starting LLDL on port: 8090
14-Feb-2013 21:57:19 - INFO    :: MainThread : Starting LLDL on port: 8090
14-Feb-2013 21:58:48 - INFO    :: MainThread : Starting LLDL on port: 8090
14-Feb-2013 21:59:15 - INFO    :: MainThread : Starting LLDL on port: 8090
14-Feb-2013 22:01:26 - INFO    :: MainThread : Starting LLDL on port: 8090
14-Feb-2013 22:02:40 - INFO    :: MainThread : Starting LLDL on port: 8090
14-Feb-2013 22:03:48 - INFO    :: MainThread : Starting LLDL on port: 8090
14-Feb-2013 22:04:12 - INFO    :: MainThread : Starting LLDL on port: 8090
14-Feb-2013 22:05:33 - INFO    :: MainThread : Starting LLDL on port: 8000
14-Feb-2013 22:06:32 - INFO    :: MainThread : Starting LLDL on port: 8000
14-Feb-2013 22:10:02 - INFO    :: MainThread : Starting LLDL on port: 8000
14-Feb-2013 22:14:11 - INFO    :: MainThread : Starting LLDL on port: 8000
14-Feb-2013 22:14:40 - INFO    :: MainThread : Starting LLDL on port: 8000
14-Feb-2013 22:15:26 - INFO    :: MainThread : Starting LLDL on port: 8000
14-Feb-2013 22:20:16 - INFO    :: MainThread : Starting LLDL on port: 8000
14-Feb-2013 22:20:16 - INFO    :: MainThread : Initialization Complete
14-Feb-2013 22:20:35 - INFO    :: CP Server Thread-7 : Writing Config
15-Feb-2013 10:22:59 - INFO    :: MainThread : Writing Config
15-Feb-2013 10:22:59 - INFO    :: MainThread : Now Exiting
